# JRE version: OpenJDK Runtime Environment Temurin-22.0.2+9 (22.0.2+9) (build 22.0.2+9)
# Java VM: OpenJDK 64-Bit Server VM Temurin-22.0.2+9 (22.0.2+9, mixed mode, tiered, compressed oops, compressed class ptrs, g1 gc, windows-amd64)
GC Precious Log:
 CardTable entry size: 512
 Card Set container configuration: InlinePtr #cards 5 size 8 Array Of Cards #cards 12 size 40 Howl #buckets 4 coarsen threshold 1843 Howl Bitmap #cards 512 size 80 coarsen threshold 460 Card regions per heap region 1 cards per card region 2048
 CPUs: 8 total, 8 available
 Memory: 8078M
 Large Page Support: Disabled
 NUMA Support: Disabled
 Compressed Oops: Enabled (32-bit)
 Heap Region Size: 1M
 Heap Min Capacity: 8M
 Heap Initial Capacity: 128M
 Heap Max Capacity: 2020M
 Pre-touch: Disabled
 Parallel Workers: 8
 Concurrent Workers: 2
 Concurrent Refinement Workers: 8
 Periodic GC: Disabled
Heap:
 garbage-first heap   total reserved 2068480K, committed 126976K, used 114772K [0x0000000081c00000, 0x0000000100000000)
  region size 1024K, 48 young (49152K), 6 survivors (6144K)
 Metaspace       used 43602K, committed 44800K, reserved 1114112K
  class space    used 4768K, committed 5120K, reserved 1048576K
GC Heap History (20 events):
Event: 3.464 GC heap after
{Heap after GC invocations=7 (full 0):
 garbage-first heap   total reserved 2068480K, committed 79872K, used 13224K [0x0000000081c00000, 0x0000000100000000)
  region size 1024K, 2 young (2048K), 2 survivors (2048K)
 Metaspace       used 28036K, committed 28288K, reserved 1114112K
  class space    used 3012K, committed 3136K, reserved 1048576K
}
Event: 4.174 GC heap before
{Heap before GC invocations=7 (full 0):
 garbage-first heap   total reserved 2068480K, committed 79872K, used 58280K [0x0000000081c00000, 0x0000000100000000)
  region size 1024K, 46 young (47104K), 2 survivors (2048K)
 Metaspace       used 28524K, committed 28800K, reserved 1114112K
  class space    used 3022K, committed 3136K, reserved 1048576K
}
Event: 4.183 GC heap after
{Heap after GC invocations=8 (full 0):
 garbage-first heap   total reserved 2068480K, committed 79872K, used 15889K [0x0000000081c00000, 0x0000000100000000)
  region size 1024K, 4 young (4096K), 4 survivors (4096K)
 Metaspace       used 28524K, committed 28800K, reserved 1114112K
  class space    used 3022K, committed 3136K, reserved 1048576K
}
Event: 5.103 GC heap before
{Heap before GC invocations=8 (full 0):
 garbage-first heap   total reserved 2068480K, committed 79872K, used 64017K [0x0000000081c00000, 0x0000000100000000)
  region size 1024K, 46 young (47104K), 4 survivors (4096K)
 Metaspace       used 32293K, committed 32640K, reserved 1114112K
  class space    used 3478K, committed 3648K, reserved 1048576K
}
Event: 5.124 GC heap after
{Heap after GC invocations=9 (full 0):
 garbage-first heap   total reserved 2068480K, committed 79872K, used 25156K [0x0000000081c00000, 0x0000000100000000)
  region size 1024K, 6 young (6144K), 6 survivors (6144K)
 Metaspace       used 32293K, committed 32640K, reserved 1114112K
  class space    used 3478K, committed 3648K, reserved 1048576K
}
Event: 5.395 GC heap before
{Heap before GC invocations=9 (full 0):
 garbage-first heap   total reserved 2068480K, committed 79872K, used 38468K [0x0000000081c00000, 0x0000000100000000)
  region size 1024K, 21 young (21504K), 6 survivors (6144K)
 Metaspace       used 35642K, committed 35968K, reserved 1114112K
  class space    used 3857K, committed 4032K, reserved 1048576K
}
Event: 5.409 GC heap after
{Heap after GC invocations=10 (full 0):
 garbage-first heap   total reserved 2068480K, committed 79872K, used 26547K [0x0000000081c00000, 0x0000000100000000)
  region size 1024K, 1 young (1024K), 1 survivors (1024K)
 Metaspace       used 35642K, committed 35968K, reserved 1114112K
  class space    used 3857K, committed 4032K, reserved 1048576K
}
Event: 6.333 GC heap before
{Heap before GC invocations=11 (full 0):
 garbage-first heap   total reserved 2068480K, committed 79872K, used 65459K [0x0000000081c00000, 0x0000000100000000)
  region size 1024K, 40 young (40960K), 1 survivors (1024K)
 Metaspace       used 37701K, committed 38016K, reserved 1114112K
  class space    used 4071K, committed 4224K, reserved 1048576K
}
Event: 6.348 GC heap after
{Heap after GC invocations=12 (full 0):
 garbage-first heap   total reserved 2068480K, committed 96256K, used 37888K [0x0000000081c00000, 0x0000000100000000)
  region size 1024K, 5 young (5120K), 5 survivors (5120K)
 Metaspace       used 37701K, committed 38016K, reserved 1114112K
  class space    used 4071K, committed 4224K, reserved 1048576K
}
Event: 7.084 GC heap before
{Heap before GC invocations=12 (full 0):
 garbage-first heap   total reserved 2068480K, committed 96256K, used 75776K [0x0000000081c00000, 0x0000000100000000)
  region size 1024K, 43 young (44032K), 5 survivors (5120K)
 Metaspace       used 39959K, committed 40384K, reserved 1114112K
  class space    used 4353K, committed 4544K, reserved 1048576K
}
Event: 7.092 GC heap after
{Heap after GC invocations=13 (full 0):
 garbage-first heap   total reserved 2068480K, committed 96256K, used 39292K [0x0000000081c00000, 0x0000000100000000)
  region size 1024K, 2 young (2048K), 2 survivors (2048K)
 Metaspace       used 39959K, committed 40384K, reserved 1114112K
  class space    used 4353K, committed 4544K, reserved 1048576K
}
Event: 7.648 GC heap before
{Heap before GC invocations=13 (full 0):
 garbage-first heap   total reserved 2068480K, committed 96256K, used 79228K [0x0000000081c00000, 0x0000000100000000)
  region size 1024K, 41 young (41984K), 2 survivors (2048K)
 Metaspace       used 41827K, committed 42368K, reserved 1114112K
  class space    used 4553K, committed 4800K, reserved 1048576K
}
Event: 7.654 GC heap after
{Heap after GC invocations=14 (full 0):
 garbage-first heap   total reserved 2068480K, committed 96256K, used 39646K [0x0000000081c00000, 0x0000000100000000)
  region size 1024K, 3 young (3072K), 3 survivors (3072K)
 Metaspace       used 41827K, committed 42368K, reserved 1114112K
  class space    used 4553K, committed 4800K, reserved 1048576K
}
Event: 8.457 GC heap before
{Heap before GC invocations=14 (full 0):
 garbage-first heap   total reserved 2068480K, committed 96256K, used 81630K [0x0000000081c00000, 0x0000000100000000)
  region size 1024K, 44 young (45056K), 3 survivors (3072K)
 Metaspace       used 42993K, committed 43520K, reserved 1114112K
  class space    used 4641K, committed 4864K, reserved 1048576K
}
Event: 8.471 GC heap after
{Heap after GC invocations=15 (full 0):
 garbage-first heap   total reserved 2068480K, committed 96256K, used 41984K [0x0000000081c00000, 0x0000000100000000)
  region size 1024K, 5 young (5120K), 5 survivors (5120K)
 Metaspace       used 42993K, committed 43520K, reserved 1114112K
  class space    used 4641K, committed 4864K, reserved 1048576K
}
Event: 8.916 GC heap before
{Heap before GC invocations=15 (full 0):
 garbage-first heap   total reserved 2068480K, committed 96256K, used 63488K [0x0000000081c00000, 0x0000000100000000)
  region size 1024K, 21 young (21504K), 5 survivors (5120K)
 Metaspace       used 44701K, committed 45248K, reserved 1114112K
  class space    used 4923K, committed 5120K, reserved 1048576K
}
Event: 8.934 GC heap after
{Heap after GC invocations=16 (full 0):
 garbage-first heap   total reserved 2068480K, committed 115712K, used 49638K [0x0000000081c00000, 0x0000000100000000)
  region size 1024K, 4 young (4096K), 4 survivors (4096K)
 Metaspace       used 44701K, committed 45248K, reserved 1114112K
  class space    used 4923K, committed 5120K, reserved 1048576K
}
Event: 8.996 GC heap before
{Heap before GC invocations=16 (full 0):
 garbage-first heap   total reserved 2068480K, committed 115712K, used 56806K [0x0000000081c00000, 0x0000000100000000)
  region size 1024K, 6 young (6144K), 4 survivors (4096K)
 Metaspace       used 44954K, committed 45504K, reserved 1114112K
  class space    used 4961K, committed 5184K, reserved 1048576K
}
Event: 9.004 GC heap after
{Heap after GC invocations=17 (full 0):
 garbage-first heap   total reserved 2068480K, committed 115712K, used 56404K [0x0000000081c00000, 0x0000000100000000)
  region size 1024K, 2 young (2048K), 2 survivors (2048K)
 Metaspace       used 44954K, committed 45504K, reserved 1114112K
  class space    used 4961K, committed 5184K, reserved 1048576K
}
Event: 10.111 GC heap before
{Heap before GC invocations=18 (full 0):
 garbage-first heap   total reserved 2068480K, committed 115712K, used 113748K [0x0000000081c00000, 0x0000000100000000)
  region size 1024K, 44 young (45056K), 2 survivors (2048K)
 Metaspace       used 43602K, committed 44800K, reserved 1114112K
  class space    used 4768K, committed 5120K, reserved 1048576K
}

