<?xml version="1.0" encoding="UTF-8"?>
<testsuite xmlns:xsi="http://www.w3.org/2001/XMLSchema-instance" xsi:noNamespaceSchemaLocation="https://maven.apache.org/surefire/maven-surefire-plugin/xsd/surefire-test-report-3.0.xsd" version="3.0" name="com.expensetracker.api.controller.ExpenseControllerTest" time="0.151" tests="12" errors="0" skipped="0" failures="0">
  <properties>
[...]
</properties>
  <testcase name="testAddExpense_success" classname="com.expensetracker.api.controller.ExpenseControllerTest" time="0.079"/>
  <testcase name="testAddExpense_forbiddenCategory" classname="com.expensetracker.api.controller.ExpenseControllerTest" time="0.005"/>
  <testcase name="testUpdateExpense_forbidden" classname="com.expensetracker.api.controller.ExpenseControllerTest" time="0.006"/>
  <testcase name="testGetExpenseById_forbidden" classname="com.expensetracker.api.controller.ExpenseControllerTest" time="0.007"/>
  <testcase name="testGetExpenses" classname="com.expensetracker.api.controller.ExpenseControllerTest" time="0.005"/>
  <testcase name="testDeleteExpense_success" classname="com.expensetracker.api.controller.ExpenseControllerTest" time="0.006"/>
  <testcase name="testDeleteExpense_notFound" classname="com.expensetracker.api.controller.ExpenseControllerTest" time="0.004"/>
  <testcase name="testUpdateExpense_notFound" classname="com.expensetracker.api.controller.ExpenseControllerTest" time="0.004"/>
  <testcase name="testGetExpenseById_notFound" classname="com.expensetracker.api.controller.ExpenseControllerTest" time="0.004"/>
  <testcase name="testDeleteExpense_forbidden" classname="com.expensetracker.api.controller.ExpenseControllerTest" time="0.005"/>
  <testcase name="testGetExpenseById_success" classname="com.expensetracker.api.controller.ExpenseControllerTest" time="0.004"/>
  <testcase name="testUpdateExpense_success" classname="com.expensetracker.api.controller.ExpenseControllerTest" time="0.006"/>
</testsuite>