<?xml version="1.0" encoding="UTF-8"?>
<testsuite xmlns:xsi="http://www.w3.org/2001/XMLSchema-instance" xsi:noNamespaceSchemaLocation="https://maven.apache.org/surefire/maven-surefire-plugin/xsd/surefire-test-report-3.0.xsd" version="3.0" name="com.expensetracker.api.controller.LoginControllerTests" time="13.987" tests="2" errors="0" skipped="0" failures="0">
  <properties>
[...]
</properties>
  <testcase name="loginUser_success" classname="com.expensetracker.api.controller.LoginControllerTests" time="0.414">
    <system-out><![CDATA[00:39:03.299 [main] INFO org.springframework.test.context.support.AnnotationConfigContextLoaderUtils -- Could not detect default configuration classes for test class [com.expensetracker.api.controller.LoginControllerTests]: LoginControllerTests does not declare any static, non-private, non-final, nested classes annotated with @Configuration.
00:39:03.622 [main] INFO org.springframework.boot.test.context.SpringBootTestContextBootstrapper -- Found @SpringBootConfiguration com.expensetracker.api.ExpenseTrackerApplication for test class com.expensetracker.api.controller.LoginControllerTests

  .   ____          _            __ _ _
 /\\ / ___'_ __ _ _(_)_ __  __ _ \ \ \ \
( ( )\___ | '_ | '_| | '_ \/ _` | \ \ \ \
 \\/  ___)| |_)| | | | | || (_| |  ) ) ) )
  '  |____| .__|_| |_|_| |_\__, | / / / /
 =========|_|==============|___/=/_/_/_/
 :: Spring Boot ::                (v3.2.5)

2025-07-17T00:39:04.689+05:30  INFO 1400 --- [           main] c.e.api.controller.LoginControllerTests  : Starting LoginControllerTests using Java 17.0.11 with PID 1400 (started by hp in C:\Users\hp\Desktop\Personal Expense Tracker\Github\Personal-Expense-Tracker-Application-master\expense-tracker\api)
2025-07-17T00:39:04.693+05:30  INFO 1400 --- [           main] c.e.api.controller.LoginControllerTests  : No active profile set, falling back to 1 default profile: "default"
2025-07-17T00:39:06.489+05:30  INFO 1400 --- [           main] .s.d.r.c.RepositoryConfigurationDelegate : Bootstrapping Spring Data JPA repositories in DEFAULT mode.
2025-07-17T00:39:06.616+05:30  INFO 1400 --- [           main] .s.d.r.c.RepositoryConfigurationDelegate : Finished Spring Data repository scanning in 102 ms. Found 5 JPA repository interfaces.
2025-07-17T00:39:09.329+05:30  INFO 1400 --- [           main] o.hibernate.jpa.internal.util.LogHelper  : HHH000204: Processing PersistenceUnitInfo [name: default]
2025-07-17T00:39:09.515+05:30  INFO 1400 --- [           main] org.hibernate.Version                    : HHH000412: Hibernate ORM core version 6.4.4.Final
2025-07-17T00:39:09.602+05:30  INFO 1400 --- [           main] o.h.c.internal.RegionFactoryInitiator    : HHH000026: Second-level cache disabled
2025-07-17T00:39:09.912+05:30  INFO 1400 --- [           main] o.s.o.j.p.SpringPersistenceUnitInfo      : No LoadTimeWeaver setup: ignoring JPA class transformer
2025-07-17T00:39:09.976+05:30  INFO 1400 --- [           main] com.zaxxer.hikari.HikariDataSource       : HikariPool-1 - Starting...
2025-07-17T00:39:10.438+05:30  INFO 1400 --- [           main] com.zaxxer.hikari.pool.HikariPool        : HikariPool-1 - Added connection conn0: url=jdbc:h2:mem:expensetrackerdb user=SA
2025-07-17T00:39:10.442+05:30  INFO 1400 --- [           main] com.zaxxer.hikari.HikariDataSource       : HikariPool-1 - Start completed.
2025-07-17T00:39:10.509+05:30  WARN 1400 --- [           main] org.hibernate.orm.deprecation            : HHH90000025: H2Dialect does not need to be specified explicitly using 'hibernate.dialect' (remove the property setting and it will be selected by default)
2025-07-17T00:39:11.870+05:30  INFO 1400 --- [           main] o.h.e.t.j.p.i.JtaPlatformInitiator       : HHH000489: No JTA platform available (set 'hibernate.transaction.jta.platform' to enable JTA platform integration)
2025-07-17T00:39:11.957+05:30  INFO 1400 --- [           main] j.LocalContainerEntityManagerFactoryBean : Initialized JPA EntityManagerFactory for persistence unit 'default'
2025-07-17T00:39:12.753+05:30  INFO 1400 --- [           main] c.e.i.s.filters.JwtAuthenticationFilter  : JwtAuthenticationFilter instantiated.
2025-07-17T00:39:12.758+05:30  INFO 1400 --- [           main] c.e.i.security.SecurityConfig            : SecurityConfig instantiated and JwtAuthenticationFilter injected.
2025-07-17T00:39:12.841+05:30  WARN 1400 --- [           main] JpaBaseConfiguration$JpaWebConfiguration : spring.jpa.open-in-view is enabled by default. Therefore, database queries may be performed during view rendering. Explicitly configure spring.jpa.open-in-view to disable this warning
2025-07-17T00:39:12.993+05:30  WARN 1400 --- [           main] .s.s.UserDetailsServiceAutoConfiguration : 

Using generated security password: ab1a5c1a-b155-4cbb-9480-6c5c31c08a05

This generated password is for development use only. Your security configuration must be updated before running your application in production.

2025-07-17T00:39:13.249+05:30  INFO 1400 --- [           main] c.e.i.security.SecurityConfig            : Configuring SecurityFilterChain...
2025-07-17T00:39:13.251+05:30  INFO 1400 --- [           main] c.e.i.security.SecurityConfig            : Disabling CSRF protection for JWT setup...
2025-07-17T00:39:14.679+05:30  INFO 1400 --- [           main] o.s.b.a.e.web.EndpointLinksResolver      : Exposing 13 endpoint(s) beneath base path '/actuator '
2025-07-17T00:39:14.732+05:30  INFO 1400 --- [           main] c.e.i.security.SecurityConfig            : Setting session management to stateless (for JWT)...
2025-07-17T00:39:14.745+05:30  INFO 1400 --- [           main] c.e.i.security.SecurityConfig            : Configuring request authorization...
2025-07-17T00:39:14.755+05:30  INFO 1400 --- [           main] c.e.i.security.SecurityConfig            : Allowing H2 console frames...
2025-07-17T00:39:14.868+05:30  INFO 1400 --- [           main] o.s.s.web.DefaultSecurityFilterChain     : Will secure any request with [org.springframework.security.web.session.DisableEncodeUrlFilter@19e552a3, org.springframework.security.web.context.request.async.WebAsyncManagerIntegrationFilter@5091456c, org.springframework.security.web.context.SecurityContextHolderFilter@3d0c88f4, org.springframework.security.web.header.HeaderWriterFilter@27aa700, org.springframework.web.filter.CorsFilter@45c57dbd, org.springframework.security.web.authentication.logout.LogoutFilter@353aadd7, com.expensetracker.infrastructure.security.filters.JwtAuthenticationFilter@2330c5c5, org.springframework.security.web.savedrequest.RequestCacheAwareFilter@5d41b929, org.springframework.security.web.servletapi.SecurityContextHolderAwareRequestFilter@292237cd, org.springframework.security.web.authentication.AnonymousAuthenticationFilter@22a5f12, org.springframework.security.web.session.SessionManagementFilter@68f67bbd, org.springframework.security.web.access.ExceptionTranslationFilter@29cd48bd, org.springframework.security.web.access.intercept.AuthorizationFilter@1766b7]
2025-07-17T00:39:15.987+05:30  INFO 1400 --- [           main] o.s.b.a.h2.H2ConsoleAutoConfiguration    : H2 console available at '/h2-console'. Database available at 'jdbc:h2:mem:expensetrackerdb'
2025-07-17T00:39:16.221+05:30  INFO 1400 --- [           main] o.s.b.t.m.w.SpringBootMockServletContext : Initializing Spring TestDispatcherServlet ''
2025-07-17T00:39:16.221+05:30  INFO 1400 --- [           main] o.s.t.web.servlet.TestDispatcherServlet  : Initializing Servlet ''
2025-07-17T00:39:16.224+05:30  INFO 1400 --- [           main] o.s.t.web.servlet.TestDispatcherServlet  : Completed initialization in 2 ms
2025-07-17T00:39:16.408+05:30  INFO 1400 --- [           main] c.e.api.controller.LoginControllerTests  : Started LoginControllerTests in 12.429 seconds (process running for 18.182)
User(id=null, name=name, email=test@example.com, passwordHash=test123)
]]></system-out>
  </testcase>
  <testcase name="loginUser_failure" classname="com.expensetracker.api.controller.LoginControllerTests" time="0.018">
    <system-out><![CDATA[User(id=null, name=name, email=test@example.com, passwordHash=test123)
]]></system-out>
  </testcase>
</testsuite>